<?xml version="1.0" encoding="UTF-8"?>
<!-- Generated by org.testng.reporters.JUnitReportReporter -->
<testsuite hostname="DESKTOP-2RIICMC" failures="0" tests="1" name="MyTestCases" time="0.077" errors="0" timestamp="2024-08-26T14:57:16 EET" skipped="0">
  <testcase classname="MyTestCases" name="GetData" time="0.077"/>
  <system-out/>
</testsuite> <!-- MyTestCases -->
